[Architectury Transformer] Architectury Runtime 5.2.87
[Architectury Transformer DEBUG] Closed File Systems for /home/mason/Documents/Code/Minecraft Mainframes/common/build/devlibs/mcmf-common-1.0.0-dev.jar
[Architectury Transformer DEBUG] Preparing tiny remapper prepared transformer: dev.architectury.transformer.handler.TinyRemapperPreparedTransformerHandler
[Architectury Transformer DEBUG] Provided 95 classpath jar(s):
[Architectury Transformer DEBUG]  - /home/mason/.gradle/caches/modules-2/files-2.1/dev.architectury/architectury-injectables/1.0.10/62db2a366d662606d1b23ad02ccc3212ed37ec3/architectury-injectables-1.0.10.jar
[Architectury Transformer DEBUG]  - /home/mason/.gradle/caches/modules-2/files-2.1/net.fabricmc/fabric-loader/0.16.7/18ce52a3228434ba2aa8c1936728ef4eacad64b8/fabric-loader-0.16.7.jar
[Architectury Transformer DEBUG]  - /home/mason/.gradle/caches/modules-2/files-2.1/org.jetbrains/annotations/24.1.0/7af6a669488450c4a07c2c3254e2151df42d7d04/annotations-24.1.0.jar
[Architectury Transformer DEBUG]  - /home/mason/.gradle/caches/modules-2/files-2.1/org.ow2.asm/asm/9.6/aa205cf0a06dbd8e04ece91c0b37c3f5d567546a/asm-9.6.jar
[Architectury Transformer DEBUG]  - /home/mason/.gradle/caches/modules-2/files-2.1/org.ow2.asm/asm-analysis/9.6/9ce6c7b174bd997fc2552dff47964546bd7a5ec3/asm-analysis-9.6.jar
[Architectury Transformer DEBUG]  - /home/mason/.gradle/caches/modules-2/files-2.1/org.ow2.asm/asm-commons/9.6/f1a9e5508eff490744144565c47326c8648be309/asm-commons-9.6.jar
[Architectury Transformer DEBUG]  - /home/mason/.gradle/caches/modules-2/files-2.1/org.ow2.asm/asm-tree/9.6/c0cdda9d211e965d2a4448aa3fd86110f2f8c2de/asm-tree-9.6.jar
[Architectury Transformer DEBUG]  - /home/mason/.gradle/caches/modules-2/files-2.1/org.ow2.asm/asm-util/9.6/f77caf84eb93786a749b2baa40865b9613e3eaee/asm-util-9.6.jar
[Architectury Transformer DEBUG]  - /home/mason/.gradle/caches/modules-2/files-2.1/net.fabricmc/sponge-mixin/0.15.3+mixin.0.8.7/51ee0a44ab05f6fddd66b09e66b3a16904f9c55d/sponge-mixin-0.15.3+mixin.0.8.7.jar
[Architectury Transformer DEBUG]  - /home/mason/.gradle/caches/modules-2/files-2.1/io.github.llamalad7/mixinextras-fabric/0.4.1/8d1a9e96afb990367fa1f904d17580d164da72e3/mixinextras-fabric-0.4.1.jar
[Architectury Transformer DEBUG]  - /home/mason/.gradle/caches/modules-2/files-2.1/com.mojang/logging/1.0.0/f6ca3b2eee0b80b384e8ed93d368faecb82dfb9b/logging-1.0.0.jar
[Architectury Transformer DEBUG]  - /home/mason/.gradle/caches/modules-2/files-2.1/com.mojang/blocklist/1.0.10/5c685c5ffa94c4cd39496c7184c1d122e515ecef/blocklist-1.0.10.jar
[Architectury Transformer DEBUG]  - /home/mason/.gradle/caches/modules-2/files-2.1/com.mojang/patchy/2.2.10/da05971b07cbb379d002cf7eaec6a2048211fefc/patchy-2.2.10.jar
[Architectury Transformer DEBUG]  - /home/mason/.gradle/caches/modules-2/files-2.1/com.github.oshi/oshi-core/5.8.5/1d0ec654d820741327f5a9229d513732a4b7ce50/oshi-core-5.8.5.jar
[Architectury Transformer DEBUG]  - /home/mason/.gradle/caches/modules-2/files-2.1/net.java.dev.jna/jna/5.10.0/7cf4c87dd802db50721db66947aa237d7ad09418/jna-5.10.0.jar
[Architectury Transformer DEBUG]  - /home/mason/.gradle/caches/modules-2/files-2.1/net.java.dev.jna/jna-platform/5.10.0/fbed7d9669dba47714ad0d4f4454290a997aee69/jna-platform-5.10.0.jar
[Architectury Transformer DEBUG]  - /home/mason/.gradle/caches/modules-2/files-2.1/org.slf4j/slf4j-api/1.8.0-beta4/83b0359d847ee053d745be7ec0d8e9e8a44304b4/slf4j-api-1.8.0-beta4.jar
[Architectury Transformer DEBUG]  - /home/mason/.gradle/caches/modules-2/files-2.1/org.apache.logging.log4j/log4j-slf4j18-impl/2.17.0/bd7f6c0b9224dd214afb4e684957e2349b529a8d/log4j-slf4j18-impl-2.17.0.jar
[Architectury Transformer DEBUG]  - /home/mason/.gradle/caches/modules-2/files-2.1/com.ibm.icu/icu4j/70.1/dfa3a1fbc55bf5db8c6e79fc0935ac7ab1202950/icu4j-70.1.jar
[Architectury Transformer DEBUG]  - /home/mason/.gradle/caches/modules-2/files-2.1/com.mojang/javabridge/1.2.24/c876796229b2ef5120f186eab5acc870699d3b9/javabridge-1.2.24.jar
[Architectury Transformer DEBUG]  - /home/mason/.gradle/caches/modules-2/files-2.1/net.sf.jopt-simple/jopt-simple/5.0.4/4fdac2fbe92dfad86aa6e9301736f6b4342a3f5c/jopt-simple-5.0.4.jar
[Architectury Transformer DEBUG]  - /home/mason/.gradle/caches/modules-2/files-2.1/io.netty/netty-all/4.1.68.Final/b8266a3c93c1c051109f71d3449e5dcd5d60b333/netty-all-4.1.68.Final.jar
[Architectury Transformer DEBUG]  - /home/mason/.gradle/caches/modules-2/files-2.1/com.google.guava/failureaccess/1.0.1/1dcf1de382a0bf95a3d8b0849546c88bac1292c9/failureaccess-1.0.1.jar
[Architectury Transformer DEBUG]  - /home/mason/.gradle/caches/modules-2/files-2.1/com.google.guava/guava/31.0.1-jre/119ea2b2bc205b138974d351777b20f02b92704b/guava-31.0.1-jre.jar
[Architectury Transformer DEBUG]  - /home/mason/.gradle/caches/modules-2/files-2.1/org.apache.commons/commons-lang3/3.12.0/c6842c86792ff03b9f1d1fe2aab8dc23aa6c6f0e/commons-lang3-3.12.0.jar
[Architectury Transformer DEBUG]  - /home/mason/.gradle/caches/modules-2/files-2.1/commons-io/commons-io/2.11.0/a2503f302b11ebde7ebc3df41daebe0e4eea3689/commons-io-2.11.0.jar
[Architectury Transformer DEBUG]  - /home/mason/.gradle/caches/modules-2/files-2.1/commons-codec/commons-codec/1.15/49d94806b6e3dc933dacbd8acb0fdbab8ebd1e5d/commons-codec-1.15.jar
[Architectury Transformer DEBUG]  - /home/mason/.gradle/caches/modules-2/files-2.1/com.mojang/brigadier/1.0.18/c1ef1234282716483c92183f49bef47b1a89bfa9/brigadier-1.0.18.jar
[Architectury Transformer DEBUG]  - /home/mason/.gradle/caches/modules-2/files-2.1/com.mojang/datafixerupper/4.1.27/a02c43824ce57c3f7a7d7e744f0d99a040398b5/datafixerupper-4.1.27.jar
[Architectury Transformer DEBUG]  - /home/mason/.gradle/caches/modules-2/files-2.1/com.google.code.gson/gson/2.8.9/8a432c1d6825781e21a02db2e2c33c5fde2833b9/gson-2.8.9.jar
[Architectury Transformer DEBUG]  - /home/mason/.gradle/caches/modules-2/files-2.1/com.mojang/authlib/3.3.39/289405e70c0917eaeac017f7fba9adb4427baa36/authlib-3.3.39.jar
[Architectury Transformer DEBUG]  - /home/mason/.gradle/caches/modules-2/files-2.1/org.apache.commons/commons-compress/1.21/4ec95b60d4e86b5c95a0e919cb172a0af98011ef/commons-compress-1.21.jar
[Architectury Transformer DEBUG]  - /home/mason/.gradle/caches/modules-2/files-2.1/org.apache.httpcomponents/httpclient/4.5.13/e5f6cae5ca7ecaac1ec2827a9e2d65ae2869cada/httpclient-4.5.13.jar
[Architectury Transformer DEBUG]  - /home/mason/.gradle/caches/modules-2/files-2.1/commons-logging/commons-logging/1.2/4bfc12adfe4842bf07b657f0369c4cb522955686/commons-logging-1.2.jar
[Architectury Transformer DEBUG]  - /home/mason/.gradle/caches/modules-2/files-2.1/org.apache.httpcomponents/httpcore/4.4.14/9dd1a631c082d92ecd4bd8fd4cf55026c720a8c1/httpcore-4.4.14.jar
[Architectury Transformer DEBUG]  - /home/mason/.gradle/caches/modules-2/files-2.1/it.unimi.dsi/fastutil/8.5.6/76f95700418a68fbc4ac050525261f05dc681ca1/fastutil-8.5.6.jar
[Architectury Transformer DEBUG]  - /home/mason/.gradle/caches/modules-2/files-2.1/org.apache.logging.log4j/log4j-api/2.17.0/bbd791e9c8c9421e45337c4fe0a10851c086e36c/log4j-api-2.17.0.jar
[Architectury Transformer DEBUG]  - /home/mason/.gradle/caches/modules-2/files-2.1/org.apache.logging.log4j/log4j-core/2.17.0/fe6e7a32c1228884b9691a744f953a55d0dd8ead/log4j-core-2.17.0.jar
[Architectury Transformer DEBUG]  - /home/mason/.gradle/caches/modules-2/files-2.1/org.lwjgl/lwjgl/3.2.2/8ad6294407e15780b43e84929c40e4c5e997972e/lwjgl-3.2.2.jar
[Architectury Transformer DEBUG]  - /home/mason/.gradle/caches/modules-2/files-2.1/org.lwjgl/lwjgl-jemalloc/3.2.2/ee8e57a79300f78294576d87c4a587f8c99402e2/lwjgl-jemalloc-3.2.2.jar
[Architectury Transformer DEBUG]  - /home/mason/.gradle/caches/modules-2/files-2.1/org.lwjgl/lwjgl-openal/3.2.2/2b772a102b0a11ee5f2109a5b136f4dc7c630827/lwjgl-openal-3.2.2.jar
[Architectury Transformer DEBUG]  - /home/mason/.gradle/caches/modules-2/files-2.1/org.lwjgl/lwjgl-opengl/3.2.2/6ac5bb88b44c43ea195a570aab059f63da004cd8/lwjgl-opengl-3.2.2.jar
[Architectury Transformer DEBUG]  - /home/mason/.gradle/caches/modules-2/files-2.1/org.lwjgl/lwjgl-glfw/3.2.2/d3ad4df38e400b8afba1de63f84338809399df5b/lwjgl-glfw-3.2.2.jar
[Architectury Transformer DEBUG]  - /home/mason/.gradle/caches/modules-2/files-2.1/org.lwjgl/lwjgl-stb/3.2.2/3b8e6ebc5851dd3d17e37e5cadce2eff2a429f0f/lwjgl-stb-3.2.2.jar
[Architectury Transformer DEBUG]  - /home/mason/.gradle/caches/modules-2/files-2.1/org.lwjgl/lwjgl-tinyfd/3.2.2/fcbe606c8f8da6f8f9a05e2c540eb1ee8632b0e9/lwjgl-tinyfd-3.2.2.jar
[Architectury Transformer DEBUG]  - /home/mason/.gradle/caches/modules-2/files-2.1/com.mojang/text2speech/1.12.4/1f618f522dbdd93218c270bcfd8f8dd84be31717/text2speech-1.12.4.jar
[Architectury Transformer DEBUG]  - /home/mason/Documents/Code/Minecraft Mainframes/.gradle/loom-cache/minecraftMaven/net/minecraft/minecraft-merged-297290362f/1.18.2-loom.mappings.1_18_2.layered+hash.40545-v2/minecraft-merged-297290362f-1.18.2-loom.mappings.1_18_2.layered+hash.40545-v2.jar
[Architectury Transformer DEBUG]  - /home/mason/Documents/Code/Minecraft Mainframes/.gradle/loom-cache/remapped_mods/loom_mappings_1_18_2_layered_hash_40545_v2/net/fabricmc/fabric-api/fabric-api/0.77.0+1.18.2/fabric-api-0.77.0+1.18.2.jar
[Architectury Transformer DEBUG]  - /home/mason/Documents/Code/Minecraft Mainframes/.gradle/loom-cache/remapped_mods/loom_mappings_1_18_2_layered_hash_40545_v2/dev/architectury/architectury-fabric/4.12.94/architectury-fabric-4.12.94.jar
[Architectury Transformer DEBUG]  - /home/mason/Documents/Code/Minecraft Mainframes/.gradle/loom-cache/remapped_mods/loom_mappings_1_18_2_layered_hash_40545_v2/net/fabricmc/fabric-api/fabric-transfer-api-v1/1.6.4+f4563ac860/fabric-transfer-api-v1-1.6.4+f4563ac860.jar
[Architectury Transformer DEBUG]  - /home/mason/Documents/Code/Minecraft Mainframes/.gradle/loom-cache/remapped_mods/loom_mappings_1_18_2_layered_hash_40545_v2/net/fabricmc/fabric-api/fabric-api-lookup-api-v1/1.6.3+2373a54560/fabric-api-lookup-api-v1-1.6.3+2373a54560.jar
[Architectury Transformer DEBUG]  - /home/mason/Documents/Code/Minecraft Mainframes/.gradle/loom-cache/remapped_mods/loom_mappings_1_18_2_layered_hash_40545_v2/net/fabricmc/fabric-api/fabric-blockrenderlayer-v1/1.1.13+3ac43d9560/fabric-blockrenderlayer-v1-1.1.13+3ac43d9560.jar
[Architectury Transformer DEBUG]  - /home/mason/Documents/Code/Minecraft Mainframes/.gradle/loom-cache/remapped_mods/loom_mappings_1_18_2_layered_hash_40545_v2/net/fabricmc/fabric-api/fabric-commands-v0/0.2.9+b4f4f6cd60/fabric-commands-v0-0.2.9+b4f4f6cd60.jar
[Architectury Transformer DEBUG]  - /home/mason/Documents/Code/Minecraft Mainframes/.gradle/loom-cache/remapped_mods/loom_mappings_1_18_2_layered_hash_40545_v2/net/fabricmc/fabric-api/fabric-command-api-v1/1.1.10+d7c144a860/fabric-command-api-v1-1.1.10+d7c144a860.jar
[Architectury Transformer DEBUG]  - /home/mason/Documents/Code/Minecraft Mainframes/.gradle/loom-cache/remapped_mods/loom_mappings_1_18_2_layered_hash_40545_v2/net/fabricmc/fabric-api/fabric-containers-v0/0.1.24+d7c144a860/fabric-containers-v0-0.1.24+d7c144a860.jar
[Architectury Transformer DEBUG]  - /home/mason/Documents/Code/Minecraft Mainframes/.gradle/loom-cache/remapped_mods/loom_mappings_1_18_2_layered_hash_40545_v2/net/fabricmc/fabric-api/fabric-content-registries-v0/3.1.3+c85f2e3860/fabric-content-registries-v0-3.1.3+c85f2e3860.jar
[Architectury Transformer DEBUG]  - /home/mason/Documents/Code/Minecraft Mainframes/.gradle/loom-cache/remapped_mods/loom_mappings_1_18_2_layered_hash_40545_v2/net/fabricmc/fabric-api/fabric-convention-tags-v1/1.1.0+43ce63a460/fabric-convention-tags-v1-1.1.0+43ce63a460.jar
[Architectury Transformer DEBUG]  - /home/mason/Documents/Code/Minecraft Mainframes/.gradle/loom-cache/remapped_mods/loom_mappings_1_18_2_layered_hash_40545_v2/net/fabricmc/fabric-api/fabric-data-generation-api-v1/3.1.0+6c70b68e60/fabric-data-generation-api-v1-3.1.0+6c70b68e60.jar
[Architectury Transformer DEBUG]  - /home/mason/Documents/Code/Minecraft Mainframes/.gradle/loom-cache/remapped_mods/loom_mappings_1_18_2_layered_hash_40545_v2/net/fabricmc/fabric-api/fabric-dimensions-v1/2.1.21+489d6f8260/fabric-dimensions-v1-2.1.21+489d6f8260.jar
[Architectury Transformer DEBUG]  - /home/mason/Documents/Code/Minecraft Mainframes/.gradle/loom-cache/remapped_mods/loom_mappings_1_18_2_layered_hash_40545_v2/net/fabricmc/fabric-api/fabric-entity-events-v1/1.4.9+d7c144a860/fabric-entity-events-v1-1.4.9+d7c144a860.jar
[Architectury Transformer DEBUG]  - /home/mason/Documents/Code/Minecraft Mainframes/.gradle/loom-cache/remapped_mods/loom_mappings_1_18_2_layered_hash_40545_v2/net/fabricmc/fabric-api/fabric-events-interaction-v0/0.4.20+d7c144a860/fabric-events-interaction-v0-0.4.20+d7c144a860.jar
[Architectury Transformer DEBUG]  - /home/mason/Documents/Code/Minecraft Mainframes/.gradle/loom-cache/remapped_mods/loom_mappings_1_18_2_layered_hash_40545_v2/net/fabricmc/fabric-api/fabric-events-lifecycle-v0/0.2.22+d7c144a860/fabric-events-lifecycle-v0-0.2.22+d7c144a860.jar
[Architectury Transformer DEBUG]  - /home/mason/Documents/Code/Minecraft Mainframes/.gradle/loom-cache/remapped_mods/loom_mappings_1_18_2_layered_hash_40545_v2/net/fabricmc/fabric-api/fabric-gametest-api-v1/1.0.21+91b7aa6660/fabric-gametest-api-v1-1.0.21+91b7aa6660.jar
[Architectury Transformer DEBUG]  - /home/mason/Documents/Code/Minecraft Mainframes/.gradle/loom-cache/remapped_mods/loom_mappings_1_18_2_layered_hash_40545_v2/net/fabricmc/fabric-api/fabric-item-api-v1/1.6.2+8165403660/fabric-item-api-v1-1.6.2+8165403660.jar
[Architectury Transformer DEBUG]  - /home/mason/Documents/Code/Minecraft Mainframes/.gradle/loom-cache/remapped_mods/loom_mappings_1_18_2_layered_hash_40545_v2/net/fabricmc/fabric-api/fabric-item-groups-v0/0.3.16+91896a4960/fabric-item-groups-v0-0.3.16+91896a4960.jar
[Architectury Transformer DEBUG]  - /home/mason/Documents/Code/Minecraft Mainframes/.gradle/loom-cache/remapped_mods/loom_mappings_1_18_2_layered_hash_40545_v2/net/fabricmc/fabric-api/fabric-mining-level-api-v1/2.1.6+cc71601c60/fabric-mining-level-api-v1-2.1.6+cc71601c60.jar
[Architectury Transformer DEBUG]  - /home/mason/Documents/Code/Minecraft Mainframes/.gradle/loom-cache/remapped_mods/loom_mappings_1_18_2_layered_hash_40545_v2/net/fabricmc/fabric-api/fabric-lifecycle-events-v1/2.1.1+cc71601c60/fabric-lifecycle-events-v1-2.1.1+cc71601c60.jar
[Architectury Transformer DEBUG]  - /home/mason/Documents/Code/Minecraft Mainframes/.gradle/loom-cache/remapped_mods/loom_mappings_1_18_2_layered_hash_40545_v2/net/fabricmc/fabric-api/fabric-loot-tables-v1/1.1.4+e747827960/fabric-loot-tables-v1-1.1.4+e747827960.jar
[Architectury Transformer DEBUG]  - /home/mason/Documents/Code/Minecraft Mainframes/.gradle/loom-cache/remapped_mods/loom_mappings_1_18_2_layered_hash_40545_v2/net/fabricmc/fabric-api/fabric-loot-api-v2/1.1.2+1997ad1260/fabric-loot-api-v2-1.1.2+1997ad1260.jar
[Architectury Transformer DEBUG]  - /home/mason/Documents/Code/Minecraft Mainframes/.gradle/loom-cache/remapped_mods/loom_mappings_1_18_2_layered_hash_40545_v2/net/fabricmc/fabric-api/fabric-models-v0/0.3.7+d7c144a860/fabric-models-v0-0.3.7+d7c144a860.jar
[Architectury Transformer DEBUG]  - /home/mason/Documents/Code/Minecraft Mainframes/.gradle/loom-cache/remapped_mods/loom_mappings_1_18_2_layered_hash_40545_v2/net/fabricmc/fabric-api/fabric-networking-v0/0.3.11+b4f4f6cd60/fabric-networking-v0-0.3.11+b4f4f6cd60.jar
[Architectury Transformer DEBUG]  - /home/mason/Documents/Code/Minecraft Mainframes/.gradle/loom-cache/remapped_mods/loom_mappings_1_18_2_layered_hash_40545_v2/net/fabricmc/fabric-api/fabric-registry-sync-v0/0.9.12+bb2e047760/fabric-registry-sync-v0-0.9.12+bb2e047760.jar
[Architectury Transformer DEBUG]  - /home/mason/Documents/Code/Minecraft Mainframes/.gradle/loom-cache/remapped_mods/loom_mappings_1_18_2_layered_hash_40545_v2/net/fabricmc/fabric-api/fabric-screen-handler-api-v1/1.2.3+1f6558e860/fabric-screen-handler-api-v1-1.2.3+1f6558e860.jar
[Architectury Transformer DEBUG]  - /home/mason/Documents/Code/Minecraft Mainframes/.gradle/loom-cache/remapped_mods/loom_mappings_1_18_2_layered_hash_40545_v2/net/fabricmc/fabric-api/fabric-networking-api-v1/1.0.24+2d30af4b60/fabric-networking-api-v1-1.0.24+2d30af4b60.jar
[Architectury Transformer DEBUG]  - /home/mason/Documents/Code/Minecraft Mainframes/.gradle/loom-cache/remapped_mods/loom_mappings_1_18_2_layered_hash_40545_v2/net/fabricmc/fabric-api/fabric-object-builder-api-v1/2.1.5+032c981d60/fabric-object-builder-api-v1-2.1.5+032c981d60.jar
[Architectury Transformer DEBUG]  - /home/mason/Documents/Code/Minecraft Mainframes/.gradle/loom-cache/remapped_mods/loom_mappings_1_18_2_layered_hash_40545_v2/net/fabricmc/fabric-api/fabric-particles-v1/0.2.13+526dc1ac60/fabric-particles-v1-0.2.13+526dc1ac60.jar
[Architectury Transformer DEBUG]  - /home/mason/Documents/Code/Minecraft Mainframes/.gradle/loom-cache/remapped_mods/loom_mappings_1_18_2_layered_hash_40545_v2/net/fabricmc/fabric-api/fabric-renderer-indigo/0.6.1+03e2b68760/fabric-renderer-indigo-0.6.1+03e2b68760.jar
[Architectury Transformer DEBUG]  - /home/mason/Documents/Code/Minecraft Mainframes/.gradle/loom-cache/remapped_mods/loom_mappings_1_18_2_layered_hash_40545_v2/net/fabricmc/fabric-api/fabric-renderer-api-v1/0.5.0+bf48649860/fabric-renderer-api-v1-0.5.0+bf48649860.jar
[Architectury Transformer DEBUG]  - /home/mason/Documents/Code/Minecraft Mainframes/.gradle/loom-cache/remapped_mods/loom_mappings_1_18_2_layered_hash_40545_v2/net/fabricmc/fabric-api/fabric-renderer-registries-v1/3.2.13+b4f4f6cd60/fabric-renderer-registries-v1-3.2.13+b4f4f6cd60.jar
[Architectury Transformer DEBUG]  - /home/mason/Documents/Code/Minecraft Mainframes/.gradle/loom-cache/remapped_mods/loom_mappings_1_18_2_layered_hash_40545_v2/net/fabricmc/fabric-api/fabric-rendering-data-attachment-v1/0.3.9+ee3621fc60/fabric-rendering-data-attachment-v1-0.3.9+ee3621fc60.jar
[Architectury Transformer DEBUG]  - /home/mason/Documents/Code/Minecraft Mainframes/.gradle/loom-cache/remapped_mods/loom_mappings_1_18_2_layered_hash_40545_v2/net/fabricmc/fabric-api/fabric-rendering-fluids-v1/2.0.3+54e5b2ec60/fabric-rendering-fluids-v1-2.0.3+54e5b2ec60.jar
[Architectury Transformer DEBUG]  - /home/mason/Documents/Code/Minecraft Mainframes/.gradle/loom-cache/remapped_mods/loom_mappings_1_18_2_layered_hash_40545_v2/net/fabricmc/fabric-api/fabric-rendering-v0/1.1.15+b4f4f6cd60/fabric-rendering-v0-1.1.15+b4f4f6cd60.jar
[Architectury Transformer DEBUG]  - /home/mason/Documents/Code/Minecraft Mainframes/.gradle/loom-cache/remapped_mods/loom_mappings_1_18_2_layered_hash_40545_v2/net/fabricmc/fabric-api/fabric-rendering-v1/1.11.0+b7f3cf3460/fabric-rendering-v1-1.11.0+b7f3cf3460.jar
[Architectury Transformer DEBUG]  - /home/mason/Documents/Code/Minecraft Mainframes/.gradle/loom-cache/remapped_mods/loom_mappings_1_18_2_layered_hash_40545_v2/net/fabricmc/fabric-api/fabric-screen-api-v1/1.0.11+d882b91560/fabric-screen-api-v1-1.0.11+d882b91560.jar
[Architectury Transformer DEBUG]  - /home/mason/Documents/Code/Minecraft Mainframes/.gradle/loom-cache/remapped_mods/loom_mappings_1_18_2_layered_hash_40545_v2/net/fabricmc/fabric-api/fabric-textures-v0/1.0.13+3ac43d9560/fabric-textures-v0-1.0.13+3ac43d9560.jar
[Architectury Transformer DEBUG]  - /home/mason/Documents/Code/Minecraft Mainframes/.gradle/loom-cache/remapped_mods/loom_mappings_1_18_2_layered_hash_40545_v2/net/fabricmc/fabric-api/fabric-api-base/0.4.5+64b7c69360/fabric-api-base-0.4.5+64b7c69360.jar
[Architectury Transformer DEBUG]  - /home/mason/Documents/Code/Minecraft Mainframes/.gradle/loom-cache/remapped_mods/loom_mappings_1_18_2_layered_hash_40545_v2/net/fabricmc/fabric-api/fabric-biome-api-v1/8.0.7+e83becad60/fabric-biome-api-v1-8.0.7+e83becad60.jar
[Architectury Transformer DEBUG]  - /home/mason/Documents/Code/Minecraft Mainframes/.gradle/loom-cache/remapped_mods/loom_mappings_1_18_2_layered_hash_40545_v2/net/fabricmc/fabric-api/fabric-block-api-v1/1.0.0+ee3621fc60/fabric-block-api-v1-1.0.0+ee3621fc60.jar
[Architectury Transformer DEBUG]  - /home/mason/Documents/Code/Minecraft Mainframes/.gradle/loom-cache/remapped_mods/loom_mappings_1_18_2_layered_hash_40545_v2/net/fabricmc/fabric-api/fabric-crash-report-info-v1/0.2.1+ee261a3e60/fabric-crash-report-info-v1-0.2.1+ee261a3e60.jar
[Architectury Transformer DEBUG]  - /home/mason/Documents/Code/Minecraft Mainframes/.gradle/loom-cache/remapped_mods/loom_mappings_1_18_2_layered_hash_40545_v2/net/fabricmc/fabric-api/fabric-game-rule-api-v1/1.0.13+d7c144a860/fabric-game-rule-api-v1-1.0.13+d7c144a860.jar
[Architectury Transformer DEBUG]  - /home/mason/Documents/Code/Minecraft Mainframes/.gradle/loom-cache/remapped_mods/loom_mappings_1_18_2_layered_hash_40545_v2/net/fabricmc/fabric-api/fabric-keybindings-v0/0.2.10+b4f4f6cd60/fabric-keybindings-v0-0.2.10+b4f4f6cd60.jar
[Architectury Transformer DEBUG]  - /home/mason/Documents/Code/Minecraft Mainframes/.gradle/loom-cache/remapped_mods/loom_mappings_1_18_2_layered_hash_40545_v2/net/fabricmc/fabric-api/fabric-key-binding-api-v1/1.0.12+54e5b2ec60/fabric-key-binding-api-v1-1.0.12+54e5b2ec60.jar
[Architectury Transformer DEBUG]  - /home/mason/Documents/Code/Minecraft Mainframes/.gradle/loom-cache/remapped_mods/loom_mappings_1_18_2_layered_hash_40545_v2/net/fabricmc/fabric-api/fabric-resource-conditions-api-v1/2.0.3+91b7aa6660/fabric-resource-conditions-api-v1-2.0.3+91b7aa6660.jar
[Architectury Transformer DEBUG]  - /home/mason/Documents/Code/Minecraft Mainframes/.gradle/loom-cache/remapped_mods/loom_mappings_1_18_2_layered_hash_40545_v2/net/fabricmc/fabric-api/fabric-resource-loader-v0/0.5.3+047a5ecb60/fabric-resource-loader-v0-0.5.3+047a5ecb60.jar
[Architectury Transformer DEBUG]  - /home/mason/Documents/Code/Minecraft Mainframes/.gradle/loom-cache/remapped_mods/loom_mappings_1_18_2_layered_hash_40545_v2/net/fabricmc/fabric-api/fabric-transitive-access-wideners-v1/1.1.0+e747827960/fabric-transitive-access-wideners-v1-1.1.0+e747827960.jar
[Architectury Transformer] Read classpath in 1.261 s
[Architectury Transformer DEBUG] Closed File Systems for /home/mason/Documents/Code/Minecraft Mainframes/common/build/devlibs/mcmf-common-1.0.0-dev.jar
[Architectury Transformer DEBUG] Transforming 5 transformer(s) from /home/mason/Documents/Code/Minecraft Mainframes/common/build/devlibs/mcmf-common-1.0.0-dev.jar to /tmp/13963990380159220358.jar: 
[Architectury Transformer DEBUG]  - dev.architectury.transformer.transformers.RuntimeMixinRefmapDetector@3578436e
[Architectury Transformer DEBUG]  - dev.architectury.transformer.transformers.GenerateFakeFabricMod@706a04ae
[Architectury Transformer DEBUG]  - dev.architectury.transformer.transformers.TransformExpectPlatform@6eceb130
[Architectury Transformer DEBUG]  - dev.architectury.transformer.transformers.RemapInjectables@10a035a0
[Architectury Transformer DEBUG]  - dev.architectury.transformer.transformers.TransformPlatformOnly@67b467e9
[Architectury Transformer DEBUG] Transforming from /home/mason/Documents/Code/Minecraft Mainframes/common/build/devlibs/mcmf-common-1.0.0-dev.jar to /tmp/13963990380159220358.jar with 5 transformer(s) on dev.architectury.transformer.handler.SimpleTransformerHandler
[Architectury Transformer DEBUG] Found class transformer
[Architectury Transformer DEBUG] Writing com/github/masongulu/block/entity/GenericDeviceBlockEntity with maxs=true frames=true
[Architectury Transformer DEBUG] Writing com/github/masongulu/block/entity/ModBlockEntities with maxs=true frames=true
[Architectury Transformer DEBUG] Writing com/github/masongulu/block/entity/ComputerBlockEntity$1 with maxs=true frames=true
[Architectury Transformer DEBUG] Writing com/github/masongulu/block/entity/ComputerBlockEntity with maxs=true frames=true
[Architectury Transformer DEBUG] Writing com/github/masongulu/block/entity/RedstoneDeviceBlockEntity with maxs=true frames=true
[Architectury Transformer DEBUG] Writing com/github/masongulu/block/entity/RedstoneEvent with maxs=true frames=true
[Architectury Transformer DEBUG] Writing com/github/masongulu/block/CableBlock with maxs=true frames=true
[Architectury Transformer DEBUG] Writing com/github/masongulu/block/GenericDeviceBlock with maxs=true frames=true
[Architectury Transformer DEBUG] Writing com/github/masongulu/block/ModBlocks with maxs=true frames=true
[Architectury Transformer DEBUG] Writing com/github/masongulu/block/ComputerBlock with maxs=true frames=true
[Architectury Transformer DEBUG] Writing com/github/masongulu/block/RedstoneDeviceBlock with maxs=true frames=true
[Architectury Transformer DEBUG] Writing com/github/masongulu/uxn/devices/IDevice with maxs=true frames=true
[Architectury Transformer DEBUG] Writing com/github/masongulu/uxn/devices/Device with maxs=true frames=true
[Architectury Transformer DEBUG] Writing com/github/masongulu/uxn/devices/IDeviceProvider with maxs=true frames=true
[Architectury Transformer DEBUG] Writing com/github/masongulu/uxn/devices/CalendarDev with maxs=true frames=true
[Architectury Transformer DEBUG] Writing com/github/masongulu/uxn/devices/Console with maxs=true frames=true
[Architectury Transformer DEBUG] Writing com/github/masongulu/uxn/devices/KeyEvent with maxs=true frames=true
[Architectury Transformer DEBUG] Writing com/github/masongulu/uxn/devices/FileDev with maxs=true frames=true
[Architectury Transformer DEBUG] Writing com/github/masongulu/uxn/MemoryRegion with maxs=true frames=true
[Architectury Transformer DEBUG] Writing com/github/masongulu/uxn/Stack with maxs=true frames=true
[Architectury Transformer DEBUG] Writing com/github/masongulu/uxn/UXN with maxs=true frames=true
[Architectury Transformer DEBUG] Writing com/github/masongulu/uxn/UXNEvent with maxs=true frames=true
[Architectury Transformer DEBUG] Writing com/github/masongulu/uxn/UXNExecutor with maxs=true frames=true
[Architectury Transformer DEBUG] Writing com/github/masongulu/uxn/SystemDevice with maxs=true frames=true
[Architectury Transformer DEBUG] Writing com/github/masongulu/uxn/UXNBus with maxs=true frames=true
[Architectury Transformer DEBUG] Writing com/github/masongulu/uxn/BootEvent with maxs=true frames=true
[Architectury Transformer DEBUG] Writing com/github/masongulu/item/memory/MemoryItem with maxs=true frames=true
[Architectury Transformer DEBUG] Writing com/github/masongulu/item/memory/SROMItem with maxs=true frames=true
[Architectury Transformer DEBUG] Writing com/github/masongulu/item/memory/RAMItem with maxs=true frames=true
[Architectury Transformer DEBUG] Writing com/github/masongulu/item/memory/FileManager with maxs=true frames=true
[Architectury Transformer DEBUG] Writing com/github/masongulu/item/ModItems with maxs=true frames=true
[Architectury Transformer DEBUG] Writing com/github/masongulu/screen/MemorySlot with maxs=true frames=true
[Architectury Transformer DEBUG] Writing com/github/masongulu/screen/ComputerScreen with maxs=true frames=true
[Architectury Transformer DEBUG] Writing com/github/masongulu/screen/GenericDeviceScreen with maxs=true frames=true
[Architectury Transformer DEBUG] Writing com/github/masongulu/screen/ComputerMenu with maxs=true frames=true
[Architectury Transformer DEBUG] Writing com/github/masongulu/screen/ModMenus with maxs=true frames=true
[Architectury Transformer DEBUG] Writing com/github/masongulu/screen/GenericDeviceMenu with maxs=true frames=true
[Architectury Transformer DEBUG] Writing com/github/masongulu/serial/block/entity/SerialDeviceBlockEntity with maxs=true frames=true
[Architectury Transformer DEBUG] Writing com/github/masongulu/serial/block/entity/SerialTerminalBlockEntity$1 with maxs=true frames=true
[Architectury Transformer DEBUG] Writing com/github/masongulu/serial/block/entity/SerialTerminalBlockEntity with maxs=true frames=true
[Architectury Transformer DEBUG] Writing com/github/masongulu/serial/block/entity/KeyEvent with maxs=true frames=true
[Architectury Transformer DEBUG] Writing com/github/masongulu/serial/block/SerialCableBlock with maxs=true frames=true
[Architectury Transformer DEBUG] Writing com/github/masongulu/serial/block/SerialDeviceBlock with maxs=true frames=true
[Architectury Transformer DEBUG] Writing com/github/masongulu/serial/block/SerialTerminalBlock with maxs=true frames=true
[Architectury Transformer DEBUG] Writing com/github/masongulu/serial/ISerialDevice with maxs=true frames=true
[Architectury Transformer DEBUG] Writing com/github/masongulu/serial/SerialBus with maxs=true frames=true
[Architectury Transformer DEBUG] Writing com/github/masongulu/serial/screen/SerialTerminalMenu with maxs=true frames=true
[Architectury Transformer DEBUG] Writing com/github/masongulu/serial/screen/SerialTerminalScreen with maxs=true frames=true
[Architectury Transformer DEBUG] Writing com/github/masongulu/Commands with maxs=true frames=true
[Architectury Transformer DEBUG] Writing com/github/masongulu/ComputerMod with maxs=true frames=true
[Architectury Transformer DEBUG] Checking whether /mcmf.mixins.json is a mixin config.
[Architectury Transformer DEBUG] Closed File Systems for /tmp/13963990380159220358.jar
[Architectury Transformer] Listening at /home/mason/Documents/Code/Minecraft Mainframes/common/build/devlibs/mcmf-common-1.0.0-dev.jar
[Architectury Transformer DEBUG] Temporary jar [/tmp/13963990380159220358.jar] contains packages: com.github.masongulu.serial, com.github.masongulu.item, com.github.masongulu.serial.screen, com.github.masongulu.uxn, com.github.masongulu.block.entity, com.github.masongulu.item.memory, com.github.masongulu.block, com.github.masongulu, com.github.masongulu.serial.block.entity, com.github.masongulu.uxn.devices, com.github.masongulu.serial.block, com.github.masongulu.screen
[Architectury Transformer DEBUG] Closed File Systems for /home/mason/Documents/Code/Minecraft Mainframes/common/build/devlibs/mcmf-common-1.0.0-dev.jar
[Architectury Transformer DEBUG] Classpath entry [/home/mason/Documents/Code/Minecraft Mainframes/fabric/build/classes/java/main] contains packages: com.github.masongulu.fabric.client, com.github.masongulu.fabric.datagen, com.github.masongulu.fabric
[Architectury Transformer DEBUG] Classpath entry [/home/mason/Documents/Code/Minecraft Mainframes/fabric/build/resources/main] contains packages: 
[Architectury Transformer DEBUG] Transforming from com/github/masongulu/ComputerMod.class to com/github/masongulu/ComputerMod.class with 5 transformer(s) on dev.architectury.transformer.handler.TinyRemapperPreparedTransformerHandler
[Architectury Transformer DEBUG] Found class transformer
[Architectury Transformer DEBUG] Writing com/github/masongulu/ComputerMod with maxs=true frames=true
[Architectury Transformer DEBUG] Transformed com/github/masongulu/ComputerMod in 6.690 ms
[Architectury Transformer DEBUG] Transforming from com/github/masongulu/uxn/UXNExecutor.class to com/github/masongulu/uxn/UXNExecutor.class with 5 transformer(s) on dev.architectury.transformer.handler.TinyRemapperPreparedTransformerHandler
[Architectury Transformer DEBUG] Found class transformer
[Architectury Transformer DEBUG] Writing com/github/masongulu/uxn/UXNExecutor with maxs=true frames=true
[Architectury Transformer DEBUG] Transformed com/github/masongulu/uxn/UXNExecutor in 926.0 μs
[Architectury Transformer DEBUG] Transforming from com/github/masongulu/block/ModBlocks.class to com/github/masongulu/block/ModBlocks.class with 5 transformer(s) on dev.architectury.transformer.handler.TinyRemapperPreparedTransformerHandler
[Architectury Transformer DEBUG] Found class transformer
[Architectury Transformer DEBUG] Writing com/github/masongulu/block/ModBlocks with maxs=true frames=true
[Architectury Transformer DEBUG] Transformed com/github/masongulu/block/ModBlocks in 1.620 ms
[Architectury Transformer DEBUG] Transforming from com/github/masongulu/block/ComputerBlock.class to com/github/masongulu/block/ComputerBlock.class with 5 transformer(s) on dev.architectury.transformer.handler.TinyRemapperPreparedTransformerHandler
[Architectury Transformer DEBUG] Found class transformer
[Architectury Transformer DEBUG] Writing com/github/masongulu/block/ComputerBlock with maxs=true frames=true
[Architectury Transformer DEBUG] Transformed com/github/masongulu/block/ComputerBlock in 2.091 ms
[Architectury Transformer DEBUG] Transforming from com/github/masongulu/block/entity/ComputerBlockEntity.class to com/github/masongulu/block/entity/ComputerBlockEntity.class with 5 transformer(s) on dev.architectury.transformer.handler.TinyRemapperPreparedTransformerHandler
[Architectury Transformer DEBUG] Found class transformer
[Architectury Transformer DEBUG] Writing com/github/masongulu/block/entity/ComputerBlockEntity with maxs=true frames=true
[Architectury Transformer DEBUG] Transformed com/github/masongulu/block/entity/ComputerBlockEntity in 6.407 ms
[Architectury Transformer DEBUG] Transforming from com/github/masongulu/serial/block/SerialDeviceBlock.class to com/github/masongulu/serial/block/SerialDeviceBlock.class with 5 transformer(s) on dev.architectury.transformer.handler.TinyRemapperPreparedTransformerHandler
[Architectury Transformer DEBUG] Found class transformer
[Architectury Transformer DEBUG] Writing com/github/masongulu/serial/block/SerialDeviceBlock with maxs=true frames=true
[Architectury Transformer DEBUG] Transformed com/github/masongulu/serial/block/SerialDeviceBlock in 728.3 μs
[Architectury Transformer DEBUG] Transforming from com/github/masongulu/block/GenericDeviceBlock.class to com/github/masongulu/block/GenericDeviceBlock.class with 5 transformer(s) on dev.architectury.transformer.handler.TinyRemapperPreparedTransformerHandler
[Architectury Transformer DEBUG] Found class transformer
[Architectury Transformer DEBUG] Writing com/github/masongulu/block/GenericDeviceBlock with maxs=true frames=true
[Architectury Transformer DEBUG] Transformed com/github/masongulu/block/GenericDeviceBlock in 7.239 ms
[Architectury Transformer DEBUG] Transforming from com/github/masongulu/serial/block/entity/SerialDeviceBlockEntity.class to com/github/masongulu/serial/block/entity/SerialDeviceBlockEntity.class with 5 transformer(s) on dev.architectury.transformer.handler.TinyRemapperPreparedTransformerHandler
[Architectury Transformer DEBUG] Found class transformer
[Architectury Transformer DEBUG] Writing com/github/masongulu/serial/block/entity/SerialDeviceBlockEntity with maxs=true frames=true
[Architectury Transformer DEBUG] Transformed com/github/masongulu/serial/block/entity/SerialDeviceBlockEntity in 936.5 μs
[Architectury Transformer DEBUG] Transforming from com/github/masongulu/uxn/devices/IDevice.class to com/github/masongulu/uxn/devices/IDevice.class with 5 transformer(s) on dev.architectury.transformer.handler.TinyRemapperPreparedTransformerHandler
[Architectury Transformer DEBUG] Found class transformer
[Architectury Transformer DEBUG] Writing com/github/masongulu/uxn/devices/IDevice with maxs=true frames=true
[Architectury Transformer DEBUG] Transformed com/github/masongulu/uxn/devices/IDevice in 465.2 μs
[Architectury Transformer DEBUG] Transforming from com/github/masongulu/serial/ISerialDevice.class to com/github/masongulu/serial/ISerialDevice.class with 5 transformer(s) on dev.architectury.transformer.handler.TinyRemapperPreparedTransformerHandler
[Architectury Transformer DEBUG] Found class transformer
[Architectury Transformer DEBUG] Writing com/github/masongulu/serial/ISerialDevice with maxs=true frames=true
[Architectury Transformer DEBUG] Transformed com/github/masongulu/serial/ISerialDevice in 435.8 μs
[Architectury Transformer DEBUG] Transforming from com/github/masongulu/block/entity/GenericDeviceBlockEntity.class to com/github/masongulu/block/entity/GenericDeviceBlockEntity.class with 5 transformer(s) on dev.architectury.transformer.handler.TinyRemapperPreparedTransformerHandler
[Architectury Transformer DEBUG] Found class transformer
[Architectury Transformer DEBUG] Writing com/github/masongulu/block/entity/GenericDeviceBlockEntity with maxs=true frames=true
[Architectury Transformer DEBUG] Transformed com/github/masongulu/block/entity/GenericDeviceBlockEntity in 866.8 μs
[Architectury Transformer DEBUG] Transforming from com/github/masongulu/uxn/devices/IDeviceProvider.class to com/github/masongulu/uxn/devices/IDeviceProvider.class with 5 transformer(s) on dev.architectury.transformer.handler.TinyRemapperPreparedTransformerHandler
[Architectury Transformer DEBUG] Found class transformer
[Architectury Transformer DEBUG] Writing com/github/masongulu/uxn/devices/IDeviceProvider with maxs=true frames=true
[Architectury Transformer DEBUG] Transformed com/github/masongulu/uxn/devices/IDeviceProvider in 333.4 μs
[Architectury Transformer DEBUG] Transforming from com/github/masongulu/serial/block/SerialCableBlock.class to com/github/masongulu/serial/block/SerialCableBlock.class with 5 transformer(s) on dev.architectury.transformer.handler.TinyRemapperPreparedTransformerHandler
[Architectury Transformer DEBUG] Found class transformer
[Architectury Transformer DEBUG] Writing com/github/masongulu/serial/block/SerialCableBlock with maxs=true frames=true
[Architectury Transformer DEBUG] Transformed com/github/masongulu/serial/block/SerialCableBlock in 660.1 μs
[Architectury Transformer DEBUG] Transforming from com/github/masongulu/serial/block/SerialTerminalBlock.class to com/github/masongulu/serial/block/SerialTerminalBlock.class with 5 transformer(s) on dev.architectury.transformer.handler.TinyRemapperPreparedTransformerHandler
[Architectury Transformer DEBUG] Found class transformer
[Architectury Transformer DEBUG] Writing com/github/masongulu/serial/block/SerialTerminalBlock with maxs=true frames=true
[Architectury Transformer DEBUG] Transformed com/github/masongulu/serial/block/SerialTerminalBlock in 839.1 μs
[Architectury Transformer DEBUG] Transforming from com/github/masongulu/serial/block/entity/SerialTerminalBlockEntity.class to com/github/masongulu/serial/block/entity/SerialTerminalBlockEntity.class with 5 transformer(s) on dev.architectury.transformer.handler.TinyRemapperPreparedTransformerHandler
[Architectury Transformer DEBUG] Found class transformer
[Architectury Transformer DEBUG] Writing com/github/masongulu/serial/block/entity/SerialTerminalBlockEntity with maxs=true frames=true
[Architectury Transformer DEBUG] Transformed com/github/masongulu/serial/block/entity/SerialTerminalBlockEntity in 2.055 ms
[Architectury Transformer DEBUG] Transforming from com/github/masongulu/block/CableBlock.class to com/github/masongulu/block/CableBlock.class with 5 transformer(s) on dev.architectury.transformer.handler.TinyRemapperPreparedTransformerHandler
[Architectury Transformer DEBUG] Found class transformer
[Architectury Transformer DEBUG] Writing com/github/masongulu/block/CableBlock with maxs=true frames=true
[Architectury Transformer DEBUG] Transformed com/github/masongulu/block/CableBlock in 627.2 μs
[Architectury Transformer DEBUG] Transforming from com/github/masongulu/block/RedstoneDeviceBlock.class to com/github/masongulu/block/RedstoneDeviceBlock.class with 5 transformer(s) on dev.architectury.transformer.handler.TinyRemapperPreparedTransformerHandler
[Architectury Transformer DEBUG] Found class transformer
[Architectury Transformer DEBUG] Writing com/github/masongulu/block/RedstoneDeviceBlock with maxs=true frames=true
[Architectury Transformer DEBUG] Transformed com/github/masongulu/block/RedstoneDeviceBlock in 5.260 ms
[Architectury Transformer DEBUG] Transforming from com/github/masongulu/block/entity/RedstoneDeviceBlockEntity.class to com/github/masongulu/block/entity/RedstoneDeviceBlockEntity.class with 5 transformer(s) on dev.architectury.transformer.handler.TinyRemapperPreparedTransformerHandler
[Architectury Transformer DEBUG] Found class transformer
[Architectury Transformer DEBUG] Writing com/github/masongulu/block/entity/RedstoneDeviceBlockEntity with maxs=true frames=true
[Architectury Transformer DEBUG] Transformed com/github/masongulu/block/entity/RedstoneDeviceBlockEntity in 5.080 ms
[Architectury Transformer DEBUG] Transforming from com/github/masongulu/item/ModItems.class to com/github/masongulu/item/ModItems.class with 5 transformer(s) on dev.architectury.transformer.handler.TinyRemapperPreparedTransformerHandler
[Architectury Transformer DEBUG] Found class transformer
[Architectury Transformer DEBUG] Writing com/github/masongulu/item/ModItems with maxs=true frames=true
[Architectury Transformer DEBUG] Transformed com/github/masongulu/item/ModItems in 1.383 ms
[Architectury Transformer DEBUG] Transforming from com/github/masongulu/item/memory/SROMItem.class to com/github/masongulu/item/memory/SROMItem.class with 5 transformer(s) on dev.architectury.transformer.handler.TinyRemapperPreparedTransformerHandler
[Architectury Transformer DEBUG] Found class transformer
[Architectury Transformer DEBUG] Writing com/github/masongulu/item/memory/SROMItem with maxs=true frames=true
[Architectury Transformer DEBUG] Transformed com/github/masongulu/item/memory/SROMItem in 675.4 μs
[Architectury Transformer DEBUG] Transforming from com/github/masongulu/item/memory/MemoryItem.class to com/github/masongulu/item/memory/MemoryItem.class with 5 transformer(s) on dev.architectury.transformer.handler.TinyRemapperPreparedTransformerHandler
[Architectury Transformer DEBUG] Found class transformer
[Architectury Transformer DEBUG] Writing com/github/masongulu/item/memory/MemoryItem with maxs=true frames=true
[Architectury Transformer DEBUG] Transformed com/github/masongulu/item/memory/MemoryItem in 2.609 ms
[Architectury Transformer DEBUG] Transforming from com/github/masongulu/item/memory/RAMItem.class to com/github/masongulu/item/memory/RAMItem.class with 5 transformer(s) on dev.architectury.transformer.handler.TinyRemapperPreparedTransformerHandler
[Architectury Transformer DEBUG] Found class transformer
[Architectury Transformer DEBUG] Writing com/github/masongulu/item/memory/RAMItem with maxs=true frames=true
[Architectury Transformer DEBUG] Transformed com/github/masongulu/item/memory/RAMItem in 560.6 μs
[Architectury Transformer DEBUG] Transforming from com/github/masongulu/block/entity/ModBlockEntities.class to com/github/masongulu/block/entity/ModBlockEntities.class with 5 transformer(s) on dev.architectury.transformer.handler.TinyRemapperPreparedTransformerHandler
[Architectury Transformer DEBUG] Found class transformer
[Architectury Transformer DEBUG] Writing com/github/masongulu/block/entity/ModBlockEntities with maxs=true frames=true
[Architectury Transformer DEBUG] Transformed com/github/masongulu/block/entity/ModBlockEntities in 5.003 ms
[Architectury Transformer DEBUG] Transforming from com/github/masongulu/screen/ComputerMenu.class to com/github/masongulu/screen/ComputerMenu.class with 5 transformer(s) on dev.architectury.transformer.handler.TinyRemapperPreparedTransformerHandler
[Architectury Transformer DEBUG] Found class transformer
[Architectury Transformer DEBUG] Writing com/github/masongulu/screen/ComputerMenu with maxs=true frames=true
[Architectury Transformer DEBUG] Transformed com/github/masongulu/screen/ComputerMenu in 1.238 ms
[Architectury Transformer DEBUG] Transforming from com/github/masongulu/screen/GenericDeviceMenu.class to com/github/masongulu/screen/GenericDeviceMenu.class with 5 transformer(s) on dev.architectury.transformer.handler.TinyRemapperPreparedTransformerHandler
[Architectury Transformer DEBUG] Found class transformer
[Architectury Transformer DEBUG] Writing com/github/masongulu/screen/GenericDeviceMenu with maxs=true frames=true
[Architectury Transformer DEBUG] Transformed com/github/masongulu/screen/GenericDeviceMenu in 851.9 μs
[Architectury Transformer DEBUG] Transforming from com/github/masongulu/uxn/UXNEvent.class to com/github/masongulu/uxn/UXNEvent.class with 5 transformer(s) on dev.architectury.transformer.handler.TinyRemapperPreparedTransformerHandler
[Architectury Transformer DEBUG] Found class transformer
[Architectury Transformer DEBUG] Writing com/github/masongulu/uxn/UXNEvent with maxs=true frames=true
[Architectury Transformer DEBUG] Transformed com/github/masongulu/uxn/UXNEvent in 430.9 μs
[Architectury Transformer DEBUG] Transforming from com/github/masongulu/serial/screen/SerialTerminalMenu.class to com/github/masongulu/serial/screen/SerialTerminalMenu.class with 5 transformer(s) on dev.architectury.transformer.handler.TinyRemapperPreparedTransformerHandler
[Architectury Transformer DEBUG] Found class transformer
[Architectury Transformer DEBUG] Writing com/github/masongulu/serial/screen/SerialTerminalMenu with maxs=true frames=true
[Architectury Transformer DEBUG] Transformed com/github/masongulu/serial/screen/SerialTerminalMenu in 856.2 μs
[Architectury Transformer DEBUG] Transforming from com/github/masongulu/Commands.class to com/github/masongulu/Commands.class with 5 transformer(s) on dev.architectury.transformer.handler.TinyRemapperPreparedTransformerHandler
[Architectury Transformer DEBUG] Found class transformer
[Architectury Transformer DEBUG] Writing com/github/masongulu/Commands with maxs=true frames=true
[Architectury Transformer DEBUG] Transformed com/github/masongulu/Commands in 775.9 μs
[Architectury Transformer DEBUG] Transforming from com/github/masongulu/screen/ModMenus.class to com/github/masongulu/screen/ModMenus.class with 5 transformer(s) on dev.architectury.transformer.handler.TinyRemapperPreparedTransformerHandler
[Architectury Transformer DEBUG] Found class transformer
[Architectury Transformer DEBUG] Writing com/github/masongulu/screen/ModMenus with maxs=true frames=true
[Architectury Transformer DEBUG] Transformed com/github/masongulu/screen/ModMenus in 1.090 ms
[Architectury Transformer DEBUG] Transforming from com/github/masongulu/screen/MemorySlot.class to com/github/masongulu/screen/MemorySlot.class with 5 transformer(s) on dev.architectury.transformer.handler.TinyRemapperPreparedTransformerHandler
[Architectury Transformer DEBUG] Found class transformer
[Architectury Transformer DEBUG] Writing com/github/masongulu/screen/MemorySlot with maxs=true frames=true
[Architectury Transformer DEBUG] Transformed com/github/masongulu/screen/MemorySlot in 515.1 μs
[Architectury Transformer DEBUG] Transforming from com/github/masongulu/screen/ComputerScreen.class to com/github/masongulu/screen/ComputerScreen.class with 5 transformer(s) on dev.architectury.transformer.handler.TinyRemapperPreparedTransformerHandler
[Architectury Transformer DEBUG] Found class transformer
[Architectury Transformer DEBUG] Writing com/github/masongulu/screen/ComputerScreen with maxs=true frames=true
[Architectury Transformer DEBUG] Transformed com/github/masongulu/screen/ComputerScreen in 5.699 ms
[Architectury Transformer DEBUG] Transforming from com/github/masongulu/screen/GenericDeviceScreen.class to com/github/masongulu/screen/GenericDeviceScreen.class with 5 transformer(s) on dev.architectury.transformer.handler.TinyRemapperPreparedTransformerHandler
[Architectury Transformer DEBUG] Found class transformer
[Architectury Transformer DEBUG] Writing com/github/masongulu/screen/GenericDeviceScreen with maxs=true frames=true
[Architectury Transformer DEBUG] Transformed com/github/masongulu/screen/GenericDeviceScreen in 5.059 ms
[Architectury Transformer DEBUG] Transforming from com/github/masongulu/serial/screen/SerialTerminalScreen.class to com/github/masongulu/serial/screen/SerialTerminalScreen.class with 5 transformer(s) on dev.architectury.transformer.handler.TinyRemapperPreparedTransformerHandler
[Architectury Transformer DEBUG] Found class transformer
[Architectury Transformer DEBUG] Writing com/github/masongulu/serial/screen/SerialTerminalScreen with maxs=true frames=true
[Architectury Transformer DEBUG] Transformed com/github/masongulu/serial/screen/SerialTerminalScreen in 4.828 ms
[Architectury Transformer DEBUG] Transforming from com/github/masongulu/serial/SerialBus.class to com/github/masongulu/serial/SerialBus.class with 5 transformer(s) on dev.architectury.transformer.handler.TinyRemapperPreparedTransformerHandler
[Architectury Transformer DEBUG] Found class transformer
[Architectury Transformer DEBUG] Writing com/github/masongulu/serial/SerialBus with maxs=true frames=true
[Architectury Transformer DEBUG] Transformed com/github/masongulu/serial/SerialBus in 833.7 μs
[Architectury Transformer DEBUG] Transforming from com/github/masongulu/block/entity/ComputerBlockEntity$1.class to com/github/masongulu/block/entity/ComputerBlockEntity$1.class with 5 transformer(s) on dev.architectury.transformer.handler.TinyRemapperPreparedTransformerHandler
[Architectury Transformer DEBUG] Found class transformer
[Architectury Transformer DEBUG] Writing com/github/masongulu/block/entity/ComputerBlockEntity$1 with maxs=true frames=true
[Architectury Transformer DEBUG] Transformed com/github/masongulu/block/entity/ComputerBlockEntity$1 in 442.7 μs
[Architectury Transformer DEBUG] Transforming from com/github/masongulu/uxn/UXNBus.class to com/github/masongulu/uxn/UXNBus.class with 5 transformer(s) on dev.architectury.transformer.handler.TinyRemapperPreparedTransformerHandler
[Architectury Transformer DEBUG] Found class transformer
[Architectury Transformer DEBUG] Writing com/github/masongulu/uxn/UXNBus with maxs=true frames=true
[Architectury Transformer DEBUG] Transformed com/github/masongulu/uxn/UXNBus in 947.1 μs
[Architectury Transformer DEBUG] Transforming from com/github/masongulu/serial/block/entity/SerialTerminalBlockEntity$1.class to com/github/masongulu/serial/block/entity/SerialTerminalBlockEntity$1.class with 5 transformer(s) on dev.architectury.transformer.handler.TinyRemapperPreparedTransformerHandler
[Architectury Transformer DEBUG] Found class transformer
[Architectury Transformer DEBUG] Writing com/github/masongulu/serial/block/entity/SerialTerminalBlockEntity$1 with maxs=true frames=true
[Architectury Transformer DEBUG] Transformed com/github/masongulu/serial/block/entity/SerialTerminalBlockEntity$1 in 552.9 μs
[Architectury Transformer DEBUG] Transforming from com/github/masongulu/uxn/MemoryRegion.class to com/github/masongulu/uxn/MemoryRegion.class with 5 transformer(s) on dev.architectury.transformer.handler.TinyRemapperPreparedTransformerHandler
[Architectury Transformer DEBUG] Found class transformer
[Architectury Transformer DEBUG] Writing com/github/masongulu/uxn/MemoryRegion with maxs=true frames=true
[Architectury Transformer DEBUG] Transformed com/github/masongulu/uxn/MemoryRegion in 1.118 ms
[Architectury Transformer DEBUG] Transforming from com/github/masongulu/item/memory/FileManager.class to com/github/masongulu/item/memory/FileManager.class with 5 transformer(s) on dev.architectury.transformer.handler.TinyRemapperPreparedTransformerHandler
[Architectury Transformer DEBUG] Found class transformer
[Architectury Transformer DEBUG] Writing com/github/masongulu/item/memory/FileManager with maxs=true frames=true
[Architectury Transformer DEBUG] Transformed com/github/masongulu/item/memory/FileManager in 1.342 ms
[Architectury Transformer DEBUG] Transforming from com/github/masongulu/uxn/UXN.class to com/github/masongulu/uxn/UXN.class with 5 transformer(s) on dev.architectury.transformer.handler.TinyRemapperPreparedTransformerHandler
[Architectury Transformer DEBUG] Found class transformer
[Architectury Transformer DEBUG] Writing com/github/masongulu/uxn/UXN with maxs=true frames=true
[Architectury Transformer DEBUG] Transformed com/github/masongulu/uxn/UXN in 4.099 ms
[Architectury Transformer DEBUG] Transforming from com/github/masongulu/uxn/Stack.class to com/github/masongulu/uxn/Stack.class with 5 transformer(s) on dev.architectury.transformer.handler.TinyRemapperPreparedTransformerHandler
[Architectury Transformer DEBUG] Found class transformer
[Architectury Transformer DEBUG] Writing com/github/masongulu/uxn/Stack with maxs=true frames=true
[Architectury Transformer DEBUG] Transformed com/github/masongulu/uxn/Stack in 1.381 ms
[Architectury Transformer DEBUG] Transforming from com/github/masongulu/uxn/devices/Device.class to com/github/masongulu/uxn/devices/Device.class with 5 transformer(s) on dev.architectury.transformer.handler.TinyRemapperPreparedTransformerHandler
[Architectury Transformer DEBUG] Found class transformer
[Architectury Transformer DEBUG] Writing com/github/masongulu/uxn/devices/Device with maxs=true frames=true
[Architectury Transformer DEBUG] Transformed com/github/masongulu/uxn/devices/Device in 461.9 μs
[Architectury Transformer DEBUG] Transforming from com/github/masongulu/uxn/SystemDevice.class to com/github/masongulu/uxn/SystemDevice.class with 5 transformer(s) on dev.architectury.transformer.handler.TinyRemapperPreparedTransformerHandler
[Architectury Transformer DEBUG] Found class transformer
[Architectury Transformer DEBUG] Writing com/github/masongulu/uxn/SystemDevice with maxs=true frames=true
[Architectury Transformer DEBUG] Transformed com/github/masongulu/uxn/SystemDevice in 756.5 μs
[Architectury Transformer DEBUG] Transforming from com/github/masongulu/uxn/BootEvent.class to com/github/masongulu/uxn/BootEvent.class with 5 transformer(s) on dev.architectury.transformer.handler.TinyRemapperPreparedTransformerHandler
[Architectury Transformer DEBUG] Found class transformer
[Architectury Transformer DEBUG] Writing com/github/masongulu/uxn/BootEvent with maxs=true frames=true
[Architectury Transformer DEBUG] Transformed com/github/masongulu/uxn/BootEvent in 438.5 μs
[Architectury Transformer DEBUG] Transforming from com/github/masongulu/block/entity/RedstoneEvent.class to com/github/masongulu/block/entity/RedstoneEvent.class with 5 transformer(s) on dev.architectury.transformer.handler.TinyRemapperPreparedTransformerHandler
[Architectury Transformer DEBUG] Found class transformer
[Architectury Transformer DEBUG] Writing com/github/masongulu/block/entity/RedstoneEvent with maxs=true frames=true
[Architectury Transformer DEBUG] Transformed com/github/masongulu/block/entity/RedstoneEvent in 538.9 μs
